<?xml version="1.0" encoding="UTF-8"?>
<testng-results ignored="0" total="1" passed="1" failed="0" skipped="0">
  <reporter-output>
  </reporter-output>
  <suite started-at="2018-06-17T00:28:25Z" name="Default suite" finished-at="2018-06-17T00:28:33Z" duration-ms="8560">
    <groups>
    </groups>
    <test started-at="2018-06-17T00:28:25Z" name="Default test" finished-at="2018-06-17T00:28:33Z" duration-ms="8560">
      <class name="testcases.TC_001">
        <test-method signature="tc_001()[pri:0, instance:testcases.TC_001@4c309d4d]" started-at="2018-06-17T00:28:25Z" name="tc_001" finished-at="2018-06-17T00:28:33Z" duration-ms="8510" status="PASS">
          <reporter-output>
          </reporter-output>
        </test-method> <!-- tc_001 -->
      </class> <!-- testcases.TC_001 -->
    </test> <!-- Default test -->
  </suite> <!-- Default suite -->
</testng-results>
